<?xml version="1.0" encoding="UTF-8"?>
<testng-results ignored="0" total="1" passed="1" failed="0" skipped="0">
  <reporter-output>
  </reporter-output>
  <suite started-at="2021-12-07T02:35:28 IST" name="com.dagger.training.Jenkins.LoginTest" finished-at="2021-12-07T02:35:38 IST" duration-ms="9600">
    <groups>
    </groups>
    <test started-at="2021-12-07T02:35:28 IST" name="Command line test" finished-at="2021-12-07T02:35:38 IST" duration-ms="9600">
      <class name="com.dagger.training.Jenkins.LoginTest">
        <test-method is-config="true" signature="sysSetup()[pri:0, instance:com.dagger.training.Jenkins.LoginTest@30c15d8b]" started-at="2021-12-07T02:35:28 IST" name="sysSetup" finished-at="2021-12-07T02:35:35 IST" duration-ms="7380" status="PASS">
          <reporter-output>
          </reporter-output>
        </test-method> <!-- sysSetup -->
        <test-method signature="clickForgotLink()[pri:0, instance:com.dagger.training.Jenkins.LoginTest@30c15d8b]" started-at="2021-12-07T02:35:35 IST" name="clickForgotLink" finished-at="2021-12-07T02:35:37 IST" duration-ms="1409" status="PASS">
          <reporter-output>
          </reporter-output>
        </test-method> <!-- clickForgotLink -->
        <test-method is-config="true" signature="tearDown()[pri:0, instance:com.dagger.training.Jenkins.LoginTest@30c15d8b]" started-at="2021-12-07T02:35:37 IST" name="tearDown" finished-at="2021-12-07T02:35:38 IST" duration-ms="764" status="PASS">
          <reporter-output>
          </reporter-output>
        </test-method> <!-- tearDown -->
      </class> <!-- com.dagger.training.Jenkins.LoginTest -->
    </test> <!-- Command line test -->
  </suite> <!-- com.dagger.training.Jenkins.LoginTest -->
</testng-results>
