<?xml version="1.0" encoding="UTF-8"?>
<testng-results ignored="0" total="1" passed="1" failed="0" skipped="0">
  <reporter-output>
  </reporter-output>
  <suite started-at="2021-12-07T02:10:01 IST" name="com.dagger.training.Jenkins.LoginTest" finished-at="2021-12-07T02:10:14 IST" duration-ms="12786">
    <groups>
    </groups>
    <test started-at="2021-12-07T02:10:01 IST" name="Command line test" finished-at="2021-12-07T02:10:14 IST" duration-ms="12786">
      <class name="com.dagger.training.Jenkins.LoginTest">
        <test-method is-config="true" signature="sysSetup()[pri:0, instance:com.dagger.training.Jenkins.LoginTest@120d6fe6]" started-at="2021-12-07T02:10:01 IST" name="sysSetup" finished-at="2021-12-07T02:10:09 IST" duration-ms="8468" status="PASS">
          <reporter-output>
          </reporter-output>
        </test-method> <!-- sysSetup -->
        <test-method signature="clickForgotLink()[pri:0, instance:com.dagger.training.Jenkins.LoginTest@120d6fe6]" started-at="2021-12-07T02:10:09 IST" name="clickForgotLink" finished-at="2021-12-07T02:10:13 IST" duration-ms="3433" status="PASS">
          <reporter-output>
          </reporter-output>
        </test-method> <!-- clickForgotLink -->
        <test-method is-config="true" signature="tearDown()[pri:0, instance:com.dagger.training.Jenkins.LoginTest@120d6fe6]" started-at="2021-12-07T02:10:13 IST" name="tearDown" finished-at="2021-12-07T02:10:14 IST" duration-ms="808" status="PASS">
          <reporter-output>
          </reporter-output>
        </test-method> <!-- tearDown -->
      </class> <!-- com.dagger.training.Jenkins.LoginTest -->
    </test> <!-- Command line test -->
  </suite> <!-- com.dagger.training.Jenkins.LoginTest -->
</testng-results>
