<?xml version="1.0" encoding="UTF-8"?>
<testng-results ignored="0" total="2" passed="2" failed="0" skipped="0">
  <reporter-output>
  </reporter-output>
  <suite started-at="2021-12-07T03:01:43 IST" name="Default suite" finished-at="2021-12-07T03:01:58 IST" duration-ms="15879">
    <groups>
    </groups>
    <test started-at="2021-12-07T03:01:43 IST" name="Default test" finished-at="2021-12-07T03:01:58 IST" duration-ms="15879">
      <class name="com.dagger.training.Jenkins.LoginTest">
        <test-method is-config="true" signature="sysSetup()[pri:0, instance:com.dagger.training.Jenkins.LoginTest@7193666c]" started-at="2021-12-07T03:01:43 IST" name="sysSetup" finished-at="2021-12-07T03:01:54 IST" duration-ms="11708" status="PASS">
          <reporter-output>
          </reporter-output>
        </test-method> <!-- sysSetup -->
        <test-method signature="clickForgotLink()[pri:0, instance:com.dagger.training.Jenkins.LoginTest@7193666c]" started-at="2021-12-07T03:01:54 IST" name="clickForgotLink" finished-at="2021-12-07T03:01:56 IST" duration-ms="1490" status="PASS">
          <reporter-output>
          </reporter-output>
        </test-method> <!-- clickForgotLink -->
        <test-method signature="navigateBack()[pri:0, instance:com.dagger.training.Jenkins.LoginTest@7193666c]" started-at="2021-12-07T03:01:56 IST" name="navigateBack" finished-at="2021-12-07T03:01:57 IST" duration-ms="1209" status="PASS">
          <reporter-output>
          </reporter-output>
        </test-method> <!-- navigateBack -->
        <test-method is-config="true" signature="tearDown()[pri:0, instance:com.dagger.training.Jenkins.LoginTest@7193666c]" started-at="2021-12-07T03:01:57 IST" name="tearDown" finished-at="2021-12-07T03:01:58 IST" duration-ms="1396" status="PASS">
          <reporter-output>
          </reporter-output>
        </test-method> <!-- tearDown -->
      </class> <!-- com.dagger.training.Jenkins.LoginTest -->
    </test> <!-- Default test -->
  </suite> <!-- Default suite -->
</testng-results>
